0 info it worked if it ends with ok
1 verbose cli [ '/home/andrew/.nvm/v0.11.14/bin/node',
1 verbose cli   '/home/andrew/.nvm/v0.11.14/bin/npm',
1 verbose cli   'run',
1 verbose cli   'protractor' ]
2 info using npm@2.0.0
3 info using node@v0.11.14
4 verbose run-script [ 'preprotractor', 'protractor', 'postprotractor' ]
5 info preprotractor angular-phonecat@0.0.0
6 verbose unsafe-perm in lifecycle true
7 info angular-phonecat@0.0.0 Failed to exec preprotractor script
8 verbose stack Error: Exit status 1
8 verbose stack     at ChildProcess.<anonymous> (/home/andrew/.nvm/v0.11.14/lib/node_modules/npm/lib/utils/lifecycle.js:212:16)
8 verbose stack     at ChildProcess.emit (events.js:110:17)
8 verbose stack     at maybeClose (child_process.js:1000:16)
8 verbose stack     at Process.ChildProcess._handle.onexit (child_process.js:1072:5)
9 verbose pkgid angular-phonecat@0.0.0
10 verbose cwd /home/andrew/cse112/angular-phonecat
11 error Linux 3.13.0-44-generic
12 error argv "/home/andrew/.nvm/v0.11.14/bin/node" "/home/andrew/.nvm/v0.11.14/bin/npm" "run" "protractor"
13 error node v0.11.14
14 error npm  v2.0.0
15 error code ELIFECYCLE
16 error angular-phonecat@0.0.0 preprotractor: `npm run update-webdriver`
16 error Exit status 1
17 error Failed at the angular-phonecat@0.0.0 preprotractor script.
17 error This is most likely a problem with the angular-phonecat package,
17 error not with npm itself.
17 error Tell the author that this fails on your system:
17 error     npm run update-webdriver
17 error You can get their info via:
17 error     npm owner ls angular-phonecat
17 error There is likely additional logging output above.
18 verbose exit [ 1, true ]
